<?xml version="1.0" encoding="UTF-8"?>
<!-- Generated by org.testng.reporters.JUnitReportReporter -->
<testsuite hostname="dog" name="com.testcase.addtestcase" tests="1" failures="0" timestamp="15 Mar 2019 01:53:11 GMT" time="12.997" errors="0">
  <testcase name="login" time="12.997" classname="com.testcase.addtestcase"/>
</testsuite> <!-- com.testcase.addtestcase -->
