<?xml version="1.0" encoding="UTF-8"?>
<!-- Generated by org.testng.reporters.JUnitReportReporter -->
<testsuite hostname="dog" name="com.testcase.logintestcase" tests="1" failures="0" timestamp="15 Mar 2019 01:53:11 GMT" time="15.077" errors="0">
  <testcase name="login" time="15.077" classname="com.testcase.logintestcase"/>
</testsuite> <!-- com.testcase.logintestcase -->
